<?xml version="1.0" encoding="UTF-8"?>
<!-- Generated by org.testng.reporters.JUnitReportReporter -->
<testsuite skipped="0" hostname="BLRLW8335" name="com.qa.testClasses.LoginPageTestClass" tests="2" failures="0" timestamp="14 Jan 2020 11:13:01 GMT" time="27.422" errors="0">
  <testcase name="logoDisplayed" time="9.772" classname="com.qa.testClasses.LoginPageTestClass"/>
  <testcase name="verifyTitle" time="17.650" classname="com.qa.testClasses.LoginPageTestClass"/>
</testsuite> <!-- com.qa.testClasses.LoginPageTestClass -->
